<?xml version="1.0" encoding="UTF-8"?>
<testng-results ignored="0" total="1" passed="1" failed="0" skipped="0">
  <reporter-output>
  </reporter-output>
  <suite started-at="2025-09-24T17:39:57 PKT" name="DocufenceAPITestSuite" finished-at="2025-09-24T17:43:21 PKT" duration-ms="203789">
    <groups>
    </groups>
    <test started-at="2025-09-24T17:39:57 PKT" name="WomenPostmanRunnerTest" finished-at="2025-09-24T17:43:21 PKT" duration-ms="203789">
      <class name="com.product.femverse.femverse.WomenPostmanRunner">
        <test-method signature="runWomenCollection()[pri:0, instance:com.product.femverse.femverse.WomenPostmanRunner@7b98f307]" started-at="2025-09-24T17:39:57 PKT" name="runWomenCollection" finished-at="2025-09-24T17:43:21 PKT" duration-ms="203754" status="PASS">
          <reporter-output>
          </reporter-output>
        </test-method> <!-- runWomenCollection -->
      </class> <!-- com.product.femverse.femverse.WomenPostmanRunner -->
    </test> <!-- WomenPostmanRunnerTest -->
  </suite> <!-- DocufenceAPITestSuite -->
</testng-results>
