<?xml version="1.0" encoding="UTF-8"?>
<testng-results ignored="0" total="1" passed="1" failed="0" skipped="0">
  <reporter-output>
  </reporter-output>
  <suite started-at="2025-09-19T10:36:35 PKT" name="DocufenceAPITestSuite" finished-at="2025-09-19T10:37:39 PKT" duration-ms="64798">
    <groups>
    </groups>
    <test started-at="2025-09-19T10:36:35 PKT" name="WomenPostmanRunnerTest" finished-at="2025-09-19T10:37:39 PKT" duration-ms="64798">
      <class name="com.product.femverse.femverse.WomenPostmanRunner">
        <test-method signature="runWomenCollection()[pri:0, instance:com.product.femverse.femverse.WomenPostmanRunner@71d44a3]" started-at="2025-09-19T10:36:35 PKT" name="runWomenCollection" finished-at="2025-09-19T10:37:39 PKT" duration-ms="64765" status="PASS">
          <reporter-output>
          </reporter-output>
        </test-method> <!-- runWomenCollection -->
      </class> <!-- com.product.femverse.femverse.WomenPostmanRunner -->
    </test> <!-- WomenPostmanRunnerTest -->
  </suite> <!-- DocufenceAPITestSuite -->
</testng-results>
